<?xml version="1.0" encoding="UTF-8"?>
<testsuite name="LeetSpeakTest" tests="1" skipped="0" failures="0" errors="0" timestamp="2016-04-18T23:44:37" hostname="epicodus-54.local" time="0.002">
  <properties/>
  <testcase name="leetspeak_replacesEveryEInAStringWithA3_wordChanges" classname="LeetSpeakTest" time="0.002"/>
  <system-out><![CDATA[]]></system-out>
  <system-err><![CDATA[elephant]]></system-err>
</testsuite>
